[debug] [2023-06-04T17:19:45.288Z] ----------------------------------------------------------------------
[debug] [2023-06-04T17:19:45.289Z] Command:       D:\Program Files\nodejs\node.exe C:\Users\subuh\AppData\Roaming\npm\node_modules\firebase-tools\lib\bin\firebase.js init
[debug] [2023-06-04T17:19:45.290Z] CLI Version:   12.3.0
[debug] [2023-06-04T17:19:45.290Z] Platform:      win32
[debug] [2023-06-04T17:19:45.290Z] Node Version:  v18.16.0
[debug] [2023-06-04T17:19:45.291Z] Time:          Sun Jun 04 2023 18:19:45 GMT+0100 (British Summer Time)
[debug] [2023-06-04T17:19:45.291Z] ----------------------------------------------------------------------
[debug] 
[debug] [2023-06-04T17:19:45.300Z] > command requires scopes: ["email","openid","https://www.googleapis.com/auth/cloudplatformprojects.readonly","https://www.googleapis.com/auth/firebase","https://www.googleapis.com/auth/cloud-platform"]
[debug] [2023-06-04T17:19:45.301Z] > authorizing via signed-in user (jishnuvardhanreddy2010@gmail.com)
[info] 
     ######## #### ########  ######## ########     ###     ######  ########
     ##        ##  ##     ## ##       ##     ##  ##   ##  ##       ##
     ######    ##  ########  ######   ########  #########  ######  ######
     ##        ##  ##    ##  ##       ##     ## ##     ##       ## ##
     ##       #### ##     ## ######## ########  ##     ##  ######  ########

You're about to initialize a Firebase project in this directory:

  D:\xampp\htdocs\2023\E-Commerce\SAJ-E-Commerce

[info] 
=== Project Setup
[info] 
[info] First, let's associate this project directory with a Firebase project.
[info] You can create multiple project aliases by running firebase use --add, 
[info] but for now we'll just set up a default project.
[info] 
[debug] [2023-06-04T17:20:05.578Z] >>> [apiv2][query] GET https://firebase.googleapis.com/v1beta1/projects pageSize=100
[debug] [2023-06-04T17:20:06.082Z] <<< [apiv2][status] GET https://firebase.googleapis.com/v1beta1/projects 200
[debug] [2023-06-04T17:20:06.082Z] <<< [apiv2][body] GET https://firebase.googleapis.com/v1beta1/projects [omitted]
[info] i  Using project saj-e-commerce (SAJ E-Commerce) 
[info] 
=== Hosting Setup
[info] 
[info] Your public directory is the folder (relative to your project directory) that
[info] will contain Hosting assets to be uploaded with firebase deploy. If you
[info] have a build process for your assets, use your build's output directory.
[info] 
